15:45:40 **** Incremental Build of configuration Nios II for project exercise13 ****
make all 
Info: Building ../exercise13_bsp/
C:/altera/15.0/nios2eds/bin/gnu/H-x86_64-mingw32/bin/make --no-print-directory -C ../exercise13_bsp/
[BSP build complete]
Info: Compiling hello_world.c to obj/default/hello_world.o
nios2-elf-gcc -xc -MP -MMD -c -I../exercise13_bsp//HAL/inc -I../exercise13_bsp/ -I../exercise13_bsp//drivers/inc  -pipe -D__hal__ -DALT_NO_INSTRUCTION_EMULATION -DALT_SINGLE_THREADED    -O0 -g -Wall   -mhw-div -mhw-mul -mno-hw-mulx  -o obj/default/hello_world.o hello_world.c
hello_world.c: In function 'main':
hello_world.c:37:3: warning: implicit declaration of function 'test' [-Wimplicit-function-declaration]
   if (test() == ERROR) {
   ^
Info: Linking exercise13.elf
nios2-elf-g++  -T'../exercise13_bsp//linker.x' -msys-crt0='../exercise13_bsp//obj/HAL/src/crt0.o' -msys-lib=hal_bsp -L../exercise13_bsp/   -Wl,-Map=exercise13.map   -O0 -g -Wall   -mhw-div -mhw-mul -mno-hw-mulx  -o exercise13.elf obj/default/hello_world.o -lm -msys-lib=m
nios2-elf-insert exercise13.elf --thread_model hal --cpu_name nios2_qsys_0 --qsys true --simulation_enabled false --stderr_dev jtag_uart_0 --stdin_dev jtag_uart_0 --stdout_dev jtag_uart_0 --sopc_system_name nios_system --quartus_project_dir "C:/Users/Blake/OneDrive/School/Year_4/CPEN_391/exercise1_3/NIOS_II_System_391_For_Students" --jdi C:/Users/Blake/OneDrive/School/Year_4/CPEN_391/exercise1_3/NIOS_II_System_391_For_Students/software/exercise13_bsp/../../DE1_SOC_NIOS.jdi --sopcinfo C:/Users/Blake/OneDrive/School/Year_4/CPEN_391/exercise1_3/NIOS_II_System_391_For_Students/software/exercise13_bsp/../../nios_system.sopcinfo
Info: (exercise13.elf) 69 KBytes program size (code + initialized data).
Info:                  65459 KBytes free for stack + heap.
Info: Creating exercise13.objdump
nios2-elf-objdump --disassemble --syms --all-header --source exercise13.elf >exercise13.objdump
[exercise13 build complete]
15:45:54 **** Incremental Build of configuration Nios II for project exercise13 ****
make all 
Info: Building ../exercise13_bsp/
C:/altera/15.0/nios2eds/bin/gnu/H-x86_64-mingw32/bin/make --no-print-directory -C ../exercise13_bsp/
[BSP build complete]
[exercise13 build complete]
15:48:23 **** Incremental Build of configuration Nios II for project exercise13 ****
make all 
Info: Building ../exercise13_bsp/
C:/altera/15.0/nios2eds/bin/gnu/H-x86_64-mingw32/bin/make --no-print-directory -C ../exercise13_bsp/
[BSP build complete]
[exercise13 build complete]
