18:49:18 **** Incremental Build of configuration Nios II for project exercise13 ****
make all 
Info: Building ../exercise13_bsp/
C:/altera/15.0/nios2eds/bin/gnu/H-x86_64-mingw32/bin/make --no-print-directory -C ../exercise13_bsp/
[BSP build complete]
Info: Compiling hello_world.c to obj/default/hello_world.o
nios2-elf-gcc -xc -MP -MMD -c -I../exercise13_bsp//HAL/inc -I../exercise13_bsp/ -I../exercise13_bsp//drivers/inc  -pipe -D__hal__ -DALT_NO_INSTRUCTION_EMULATION -DALT_SINGLE_THREADED    -O0 -g -Wall   -mhw-div -mhw-mul -mno-hw-mulx  -o obj/default/hello_world.o hello_world.c
hello_world.c: In function 'main':
hello_world.c:54:2: warning: implicit declaration of function 'configureBluetoothDongle' [-Wimplicit-function-declaration]
  if(configureBluetoothDongle()){
  ^
hello_world.c: In function 'writeDataToTx':
hello_world.c:177:18: warning: comparison between pointer and integer
  for(i=0; data[i]!=NULL; i++){
                  ^
hello_world.c: In function 'readDataFromTx':
hello_world.c:195:12: warning: assignment makes integer from pointer without a cast
  buffer[i] = NULL;
            ^
hello_world.c:198:17: warning: comparison between pointer and integer
  while(buffer[i]!=NULL){
                 ^
Info: Linking exercise13.elf
nios2-elf-g++  -T'../exercise13_bsp//linker.x' -msys-crt0='../exercise13_bsp//obj/HAL/src/crt0.o' -msys-lib=hal_bsp -L../exercise13_bsp/   -Wl,-Map=exercise13.map   -O0 -g -Wall   -mhw-div -mhw-mul -mno-hw-mulx  -o exercise13.elf obj/default/hello_world.o -lm -msys-lib=m
nios2-elf-insert exercise13.elf --thread_model hal --cpu_name nios2_qsys_0 --qsys true --simulation_enabled false --stderr_dev jtag_uart_0 --stdin_dev jtag_uart_0 --stdout_dev jtag_uart_0 --sopc_system_name nios_system --quartus_project_dir "C:/Users/sfarinas/Documents/CPEN391/CPEN391-Group14/exercise1_5/NIOS_II_System_391_For_Students" --jdi C:/Users/sfarinas/Documents/CPEN391/CPEN391-Group14/exercise1_5/NIOS_II_System_391_For_Students/software/exercise13_bsp/../../DE1_SOC_NIOS.jdi --sopcinfo C:/Users/sfarinas/Documents/CPEN391/CPEN391-Group14/exercise1_5/NIOS_II_System_391_For_Students/software/exercise13_bsp/../../nios_system.sopcinfo
Info: (exercise13.elf) 71 KBytes program size (code + initialized data).
Info:                  65458 KBytes free for stack + heap.
Info: Creating exercise13.objdump
nios2-elf-objdump --disassemble --syms --all-header --source exercise13.elf >exercise13.objdump
[exercise13 build complete]
18:49:25 **** Build of configuration Nios II for project exercise13 ****
make all 
Info: Building ../exercise13_bsp/
C:/altera/15.0/nios2eds/bin/gnu/H-x86_64-mingw32/bin/make --no-print-directory -C ../exercise13_bsp/
[BSP build complete]
[exercise13 build complete]
18:49:28 **** Incremental Build of configuration Nios II for project exercise13 ****
make all 
Info: Building ../exercise13_bsp/
C:/altera/15.0/nios2eds/bin/gnu/H-x86_64-mingw32/bin/make --no-print-directory -C ../exercise13_bsp/
[BSP build complete]
[exercise13 build complete]
